<?xml version="1.0" encoding="UTF-8"?>
<!-- Generated by org.testng.reporters.JUnitReportReporter -->
<testsuite hostname="DESKTOP-7UATLC7" failures="0" tests="2" name="local_host.PositiveTestCase" time="6.027" errors="0" timestamp="2023-08-21T04:14:07 IST" skipped="1">
  <testcase classname="local_host.PositiveTestCase" name="InCart" time="6.027"/>
  <testcase classname="local_host.PositiveTestCase" name="OpenCart">
    <skipped/>
  </testcase> <!-- OpenCart -->
</testsuite> <!-- local_host.PositiveTestCase -->
